<?xml version="1.0" encoding="UTF-8"?>
<testsuite xmlns:xsi="http://www.w3.org/2001/XMLSchema-instance" xsi:noNamespaceSchemaLocation="https://maven.apache.org/surefire/maven-surefire-plugin/xsd/surefire-test-report-3.0.xsd" version="3.0" name="com.Aspire.tasktwo.Service.MainServiceTest" time="0.643" tests="19" errors="0" skipped="0" failures="0">
  <properties>
[...]
</properties>
  <testcase name="updateDetails_NullEmployeeIdAndManagerId" classname="com.Aspire.tasktwo.Service.MainServiceTest" time="0.424">
    <system-out><![CDATA[0 0
]]></system-out>
  </testcase>
  <testcase name="getEmployeeDetails_EmptyResponseWhenNoManagerFound" classname="com.Aspire.tasktwo.Service.MainServiceTest" time="0.056"/>
  <testcase name="updateDetails_CurrentManagerAndNewManagerSame" classname="com.Aspire.tasktwo.Service.MainServiceTest" time="0.004">
    <system-out><![CDATA[101 1
]]></system-out>
  </testcase>
  <testcase name="getEmployeeDetails_ValidData" classname="com.Aspire.tasktwo.Service.MainServiceTest" time="0.004"/>
  <testcase name="deleteEmployee_ValidEmployee" classname="com.Aspire.tasktwo.Service.MainServiceTest" time="0.008"/>
  <testcase name="testPostData_ExceptionHandling" classname="com.Aspire.tasktwo.Service.MainServiceTest" time="0.017">
    <system-out><![CDATA[[]
[]
]]></system-out>
  </testcase>
  <testcase name="testPostData_DuplicateEmployeeId" classname="com.Aspire.tasktwo.Service.MainServiceTest" time="0.005">
    <system-out><![CDATA[[]
[]
]]></system-out>
  </testcase>
  <testcase name="updateDetails_ValidEmployee" classname="com.Aspire.tasktwo.Service.MainServiceTest" time="0.016">
    <system-out><![CDATA[101 2
Employees managed by ManSales:
Employee{employeeId=101, name='John Doe', designation='Associate', email='john.doe@example.com', department='Sales', mobile='1234567890', location='Location', managerId=1, dateOfJoining='2020-06-28T12:57:59'}
]]></system-out>
  </testcase>
  <testcase name="testPostData_ValidateEmployees" classname="com.Aspire.tasktwo.Service.MainServiceTest" time="0.004">
    <system-out><![CDATA[[Employee ID must be a positive number., Name cannot be null or empty., Designation can only be 'Associate' or 'Account Manager'., Invalid email format., Department must be one of the following: Delivery, Sales, QA, Engineering, or BA., Mobile number must be a 10-digit number., Location cannot be null or empty., Date of joining cannot be null., Manager ID must be 0 if designation is 'Account Manager' or a valid ID otherwise.]
[Employee ID must be a positive number., Name cannot be null or empty., Designation can only be 'Associate' or 'Account Manager'., Invalid email format., Department must be one of the following: Delivery, Sales, QA, Engineering, or BA., Mobile number must be a 10-digit number., Location cannot be null or empty., Date of joining cannot be null., Manager ID must be 0 if designation is 'Account Manager' or a valid ID otherwise.]
]]></system-out>
  </testcase>
  <testcase name="testPostData_AddingEmployees" classname="com.Aspire.tasktwo.Service.MainServiceTest" time="0.007">
    <system-out><![CDATA[[]
[]
]]></system-out>
  </testcase>
  <testcase name="updateDetails_CurrentManagerNotExist" classname="com.Aspire.tasktwo.Service.MainServiceTest" time="0.003">
    <system-out><![CDATA[101 2
]]></system-out>
  </testcase>
  <testcase name="updateDetails_NewManagerNotExist" classname="com.Aspire.tasktwo.Service.MainServiceTest" time="0.004">
    <system-out><![CDATA[101 2
]]></system-out>
  </testcase>
  <testcase name="getEmployeeDetails_NoEmployeesFound" classname="com.Aspire.tasktwo.Service.MainServiceTest" time="0.006"/>
  <testcase name="updateDetails_EmployeeIdNotExist" classname="com.Aspire.tasktwo.Service.MainServiceTest" time="0.006">
    <system-out><![CDATA[101 2
]]></system-out>
  </testcase>
  <testcase name="deleteEmployee_InvalidEmployeeId" classname="com.Aspire.tasktwo.Service.MainServiceTest" time="0.012"/>
  <testcase name="deleteEmployee_EmployeeWithAssociates" classname="com.Aspire.tasktwo.Service.MainServiceTest" time="0.005"/>
  <testcase name="testPostData_ManagerIdValidation" classname="com.Aspire.tasktwo.Service.MainServiceTest" time="0.007">
    <system-out><![CDATA[[]
[]
]]></system-out>
  </testcase>
  <testcase name="testPostData_DepartmentAlreadyHasManager" classname="com.Aspire.tasktwo.Service.MainServiceTest" time="0.004">
    <system-out><![CDATA[[]
[]
]]></system-out>
  </testcase>
  <testcase name="updateDetails_EmployeeNotInCurrentManagerList" classname="com.Aspire.tasktwo.Service.MainServiceTest" time="0.006">
    <system-out><![CDATA[101 2
Employees managed by ManSales:
Employee{employeeId=null, name='null', designation='null', email='null', department='null', mobile='null', location='null', managerId=null, dateOfJoining='null'}
]]></system-out>
  </testcase>
</testsuite>