<?xml version="1.0" encoding="UTF-8"?>
<testsuite xmlns:xsi="http://www.w3.org/2001/XMLSchema-instance" xsi:noNamespaceSchemaLocation="https://maven.apache.org/surefire/maven-surefire-plugin/xsd/surefire-test-report-3.0.xsd" version="3.0" name="com.Aspire.tasktwo.TasktwoApplicationTests" time="1.882" tests="1" errors="0" skipped="0" failures="0">
  <properties>
[...]
</properties>
  <testcase name="contextLoads" classname="com.Aspire.tasktwo.TasktwoApplicationTests" time="0.009">
    <system-out><![CDATA[2024-08-30T16:40:50.610+05:30  INFO 21704 --- [tasktwo] [           main] t.c.s.AnnotationConfigContextLoaderUtils : Could not detect default configuration classes for test class [com.Aspire.tasktwo.TasktwoApplicationTests]: TasktwoApplicationTests does not declare any static, non-private, non-final, nested classes annotated with @Configuration.
2024-08-30T16:40:50.639+05:30  INFO 21704 --- [tasktwo] [           main] .b.t.c.SpringBootTestContextBootstrapper : Found @SpringBootConfiguration com.Aspire.tasktwo.TasktwoApplication for test class com.Aspire.tasktwo.TasktwoApplicationTests

  .   ____          _            __ _ _
 /\\ / ___'_ __ _ _(_)_ __  __ _ \ \ \ \
( ( )\___ | '_ | '_| | '_ \/ _` | \ \ \ \
 \\/  ___)| |_)| | | | | || (_| |  ) ) ) )
  '  |____| .__|_| |_|_| |_\__, | / / / /
 =========|_|==============|___/=/_/_/_/

 :: Spring Boot ::                (v3.3.2)

2024-08-30T16:40:50.707+05:30  INFO 21704 --- [tasktwo] [           main] c.A.tasktwo.TasktwoApplicationTests      : Starting TasktwoApplicationTests using Java 21.0.2 with PID 21704 (started by 285421 in C:\Users\285421\Documents\tasktwo-mongo)
2024-08-30T16:40:50.708+05:30  INFO 21704 --- [tasktwo] [           main] c.A.tasktwo.TasktwoApplicationTests      : No active profile set, falling back to 1 default profile: "default"
2024-08-30T16:40:51.014+05:30  INFO 21704 --- [tasktwo] [           main] .s.d.r.c.RepositoryConfigurationDelegate : Bootstrapping Spring Data MongoDB repositories in DEFAULT mode.
2024-08-30T16:40:51.079+05:30  INFO 21704 --- [tasktwo] [           main] .s.d.r.c.RepositoryConfigurationDelegate : Finished Spring Data repository scanning in 57 ms. Found 1 MongoDB repository interface.
2024-08-30T16:40:51.519+05:30  INFO 21704 --- [tasktwo] [           main] org.mongodb.driver.client                : MongoClient with metadata {"driver": {"name": "mongo-java-driver|sync|spring-boot", "version": "5.0.1"}, "os": {"type": "Windows", "name": "Windows 11", "architecture": "amd64", "version": "10.0"}, "platform": "Java/Oracle Corporation/21.0.2+13-58"} created with settings MongoClientSettings{readPreference=primary, writeConcern=WriteConcern{w=null, wTimeout=null ms, journal=null}, retryWrites=true, retryReads=true, readConcern=ReadConcern{level=null}, credential=null, transportSettings=null, commandListeners=[], codecRegistry=ProvidersCodecRegistry{codecProviders=[ValueCodecProvider{}, BsonValueCodecProvider{}, DBRefCodecProvider{}, DBObjectCodecProvider{}, DocumentCodecProvider{}, CollectionCodecProvider{}, IterableCodecProvider{}, MapCodecProvider{}, GeoJsonCodecProvider{}, GridFSFileCodecProvider{}, Jsr310CodecProvider{}, JsonObjectCodecProvider{}, BsonCodecProvider{}, EnumCodecProvider{}, com.mongodb.client.model.mql.ExpressionCodecProvider@491ce4c2, com.mongodb.Jep395RecordCodecProvider@50d640dd, com.mongodb.KotlinCodecProvider@2a1066ed]}, loggerSettings=LoggerSettings{maxDocumentLength=1000}, clusterSettings={hosts=[localhost:27017], srvServiceName=mongodb, mode=SINGLE, requiredClusterType=UNKNOWN, requiredReplicaSetName='null', serverSelector='null', clusterListeners='[]', serverSelectionTimeout='30000 ms', localThreshold='15 ms'}, socketSettings=SocketSettings{connectTimeoutMS=10000, readTimeoutMS=0, receiveBufferSize=0, proxySettings=ProxySettings{host=null, port=null, username=null, password=null}}, heartbeatSocketSettings=SocketSettings{connectTimeoutMS=10000, readTimeoutMS=10000, receiveBufferSize=0, proxySettings=ProxySettings{host=null, port=null, username=null, password=null}}, connectionPoolSettings=ConnectionPoolSettings{maxSize=100, minSize=0, maxWaitTimeMS=120000, maxConnectionLifeTimeMS=0, maxConnectionIdleTimeMS=0, maintenanceInitialDelayMS=0, maintenanceFrequencyMS=60000, connectionPoolListeners=[], maxConnecting=2}, serverSettings=ServerSettings{heartbeatFrequencyMS=10000, minHeartbeatFrequencyMS=500, serverListeners='[]', serverMonitorListeners='[]'}, sslSettings=SslSettings{enabled=false, invalidHostNameAllowed=false, context=null}, applicationName='null', compressorList=[], uuidRepresentation=JAVA_LEGACY, serverApi=null, autoEncryptionSettings=null, dnsClient=null, inetAddressResolver=null, contextProvider=null}
2024-08-30T16:40:51.568+05:30  INFO 21704 --- [tasktwo] [localhost:27017] org.mongodb.driver.cluster               : Monitor thread successfully connected to server with description ServerDescription{address=localhost:27017, type=STANDALONE, state=CONNECTED, ok=true, minWireVersion=0, maxWireVersion=21, maxDocumentSize=16777216, logicalSessionTimeoutMinutes=30, roundTripTimeNanos=45092000}
2024-08-30T16:40:52.474+05:30  INFO 21704 --- [tasktwo] [           main] c.A.tasktwo.TasktwoApplicationTests      : Started TasktwoApplicationTests in 1.818 seconds (process running for 10.629)
]]></system-out>
  </testcase>
</testsuite>