GROUP,PACKAGE,CLASS,INSTRUCTION_MISSED,INSTRUCTION_COVERED,BRANCH_MISSED,BRANCH_COVERED,LINE_MISSED,LINE_COVERED,COMPLEXITY_MISSED,COMPLEXITY_COVERED,METHOD_MISSED,METHOD_COVERED
tasktwo,com.Aspire.tasktwo.Controller,MainController,0,27,0,0,0,7,0,5,0,5
tasktwo,com.Aspire.tasktwo.Model,Employee,28,298,12,46,9,68,17,42,5,25
tasktwo,com.Aspire.tasktwo.Model,UpdateEmployee,0,26,0,0,0,12,0,6,0,6
tasktwo,com.Aspire.tasktwo.Model,EmployeeResponse,43,63,0,0,21,22,11,11,11,11
tasktwo,com.Aspire.tasktwo.Model,ManagerResponse,15,21,0,0,7,8,4,4,4,4
tasktwo,com.Aspire.tasktwo.Model,EmployeeDetailsResponse,15,21,0,0,7,8,4,4,4,4
tasktwo,com.Aspire.tasktwo.Service,MainService,2,586,8,48,0,128,8,29,0,9
